2557-11-21 09:56:24 - System.ApplicationException: Bad data received from trial server
   at Neurotec.ActivationWizard.Licensing.TrialLicenseDetails.GetResponceFromSever()
   at Neurotec.ActivationWizard.Licensing.TrialLicenseDetails.GetUsed()
   at Neurotec.ActivationWizard.Forms.MainForm.BackgroundWorkerDoWork(Object sender, DoWorkEventArgs e)
   at System.ComponentModel.BackgroundWorker.OnDoWork(DoWorkEventArgs e)
   at System.ComponentModel.BackgroundWorker.WorkerThreadStart(Object argument)
2557-11-21 09:56:29 - System.ApplicationException: Bad data received from trial server
   at Neurotec.ActivationWizard.Licensing.TrialLicenseDetails.GetResponceFromSever()
   at Neurotec.ActivationWizard.Licensing.TrialLicenseDetails.GetUsed()
   at Neurotec.ActivationWizard.Forms.MainForm.BackgroundWorkerDoWork(Object sender, DoWorkEventArgs e)
   at System.ComponentModel.BackgroundWorker.OnDoWork(DoWorkEventArgs e)
   at System.ComponentModel.BackgroundWorker.WorkerThreadStart(Object argument)
2557-11-21 09:57:01 - System.ApplicationException: Bad data received from trial server
   at Neurotec.ActivationWizard.Licensing.TrialLicenseDetails.GetResponceFromSever()
   at Neurotec.ActivationWizard.Licensing.TrialLicenseDetails.GetUsed()
   at Neurotec.ActivationWizard.Forms.MainForm.BackgroundWorkerDoWork(Object sender, DoWorkEventArgs e)
   at System.ComponentModel.BackgroundWorker.OnDoWork(DoWorkEventArgs e)
   at System.ComponentModel.BackgroundWorker.WorkerThreadStart(Object argument)
2557-11-21 09:57:33 - System.ApplicationException: Bad data received from trial server
   at Neurotec.ActivationWizard.Licensing.TrialLicenseDetails.GetResponceFromSever()
   at Neurotec.ActivationWizard.Licensing.TrialLicenseDetails.GetUsed()
   at Neurotec.ActivationWizard.Forms.MainForm.BackgroundWorkerDoWork(Object sender, DoWorkEventArgs e)
   at System.ComponentModel.BackgroundWorker.OnDoWork(DoWorkEventArgs e)
   at System.ComponentModel.BackgroundWorker.WorkerThreadStart(Object argument)
2557-11-21 09:58:04 - System.ApplicationException: Bad data received from trial server
   at Neurotec.ActivationWizard.Licensing.TrialLicenseDetails.GetResponceFromSever()
   at Neurotec.ActivationWizard.Licensing.TrialLicenseDetails.GetUsed()
   at Neurotec.ActivationWizard.Forms.MainForm.BackgroundWorkerDoWork(Object sender, DoWorkEventArgs e)
   at System.ComponentModel.BackgroundWorker.OnDoWork(DoWorkEventArgs e)
   at System.ComponentModel.BackgroundWorker.WorkerThreadStart(Object argument)
2557-11-21 09:58:36 - System.ApplicationException: Bad data received from trial server
   at Neurotec.ActivationWizard.Licensing.TrialLicenseDetails.GetResponceFromSever()
   at Neurotec.ActivationWizard.Licensing.TrialLicenseDetails.GetUsed()
   at Neurotec.ActivationWizard.Forms.MainForm.BackgroundWorkerDoWork(Object sender, DoWorkEventArgs e)
   at System.ComponentModel.BackgroundWorker.OnDoWork(DoWorkEventArgs e)
   at System.ComponentModel.BackgroundWorker.WorkerThreadStart(Object argument)
2557-11-21 09:59:08 - System.ApplicationException: Bad data received from trial server
   at Neurotec.ActivationWizard.Licensing.TrialLicenseDetails.GetResponceFromSever()
   at Neurotec.ActivationWizard.Licensing.TrialLicenseDetails.GetUsed()
   at Neurotec.ActivationWizard.Forms.MainForm.BackgroundWorkerDoWork(Object sender, DoWorkEventArgs e)
   at System.ComponentModel.BackgroundWorker.OnDoWork(DoWorkEventArgs e)
   at System.ComponentModel.BackgroundWorker.WorkerThreadStart(Object argument)
2557-11-21 09:59:40 - System.ApplicationException: Bad data received from trial server
   at Neurotec.ActivationWizard.Licensing.TrialLicenseDetails.GetResponceFromSever()
   at Neurotec.ActivationWizard.Licensing.TrialLicenseDetails.GetUsed()
   at Neurotec.ActivationWizard.Forms.MainForm.BackgroundWorkerDoWork(Object sender, DoWorkEventArgs e)
   at System.ComponentModel.BackgroundWorker.OnDoWork(DoWorkEventArgs e)
   at System.ComponentModel.BackgroundWorker.WorkerThreadStart(Object argument)
2557-11-21 10:00:12 - System.ApplicationException: Bad data received from trial server
   at Neurotec.ActivationWizard.Licensing.TrialLicenseDetails.GetResponceFromSever()
   at Neurotec.ActivationWizard.Licensing.TrialLicenseDetails.GetUsed()
   at Neurotec.ActivationWizard.Forms.MainForm.BackgroundWorkerDoWork(Object sender, DoWorkEventArgs e)
   at System.ComponentModel.BackgroundWorker.OnDoWork(DoWorkEventArgs e)
   at System.ComponentModel.BackgroundWorker.WorkerThreadStart(Object argument)
2557-11-21 10:00:44 - System.ApplicationException: Bad data received from trial server
   at Neurotec.ActivationWizard.Licensing.TrialLicenseDetails.GetResponceFromSever()
   at Neurotec.ActivationWizard.Licensing.TrialLicenseDetails.GetUsed()
   at Neurotec.ActivationWizard.Forms.MainForm.BackgroundWorkerDoWork(Object sender, DoWorkEventArgs e)
   at System.ComponentModel.BackgroundWorker.OnDoWork(DoWorkEventArgs e)
   at System.ComponentModel.BackgroundWorker.WorkerThreadStart(Object argument)
2557-11-21 10:01:18 - System.ApplicationException: Bad data received from trial server
   at Neurotec.ActivationWizard.Licensing.TrialLicenseDetails.GetResponceFromSever()
   at Neurotec.ActivationWizard.Licensing.TrialLicenseDetails.GetUsed()
   at Neurotec.ActivationWizard.Forms.MainForm.BackgroundWorkerDoWork(Object sender, DoWorkEventArgs e)
   at System.ComponentModel.BackgroundWorker.OnDoWork(DoWorkEventArgs e)
   at System.ComponentModel.BackgroundWorker.WorkerThreadStart(Object argument)
2557-11-21 10:01:51 - System.ApplicationException: Bad data received from trial server
   at Neurotec.ActivationWizard.Licensing.TrialLicenseDetails.GetResponceFromSever()
   at Neurotec.ActivationWizard.Licensing.TrialLicenseDetails.GetUsed()
   at Neurotec.ActivationWizard.Forms.MainForm.BackgroundWorkerDoWork(Object sender, DoWorkEventArgs e)
   at System.ComponentModel.BackgroundWorker.OnDoWork(DoWorkEventArgs e)
   at System.ComponentModel.BackgroundWorker.WorkerThreadStart(Object argument)
2557-11-21 10:02:23 - System.ApplicationException: Bad data received from trial server
   at Neurotec.ActivationWizard.Licensing.TrialLicenseDetails.GetResponceFromSever()
   at Neurotec.ActivationWizard.Licensing.TrialLicenseDetails.GetUsed()
   at Neurotec.ActivationWizard.Forms.MainForm.BackgroundWorkerDoWork(Object sender, DoWorkEventArgs e)
   at System.ComponentModel.BackgroundWorker.OnDoWork(DoWorkEventArgs e)
   at System.ComponentModel.BackgroundWorker.WorkerThreadStart(Object argument)
2557-11-21 10:02:55 - System.ApplicationException: Bad data received from trial server
   at Neurotec.ActivationWizard.Licensing.TrialLicenseDetails.GetResponceFromSever()
   at Neurotec.ActivationWizard.Licensing.TrialLicenseDetails.GetUsed()
   at Neurotec.ActivationWizard.Forms.MainForm.BackgroundWorkerDoWork(Object sender, DoWorkEventArgs e)
   at System.ComponentModel.BackgroundWorker.OnDoWork(DoWorkEventArgs e)
   at System.ComponentModel.BackgroundWorker.WorkerThreadStart(Object argument)
2557-11-21 10:03:26 - System.ApplicationException: Bad data received from trial server
   at Neurotec.ActivationWizard.Licensing.TrialLicenseDetails.GetResponceFromSever()
   at Neurotec.ActivationWizard.Licensing.TrialLicenseDetails.GetUsed()
   at Neurotec.ActivationWizard.Forms.MainForm.BackgroundWorkerDoWork(Object sender, DoWorkEventArgs e)
   at System.ComponentModel.BackgroundWorker.OnDoWork(DoWorkEventArgs e)
   at System.ComponentModel.BackgroundWorker.WorkerThreadStart(Object argument)
2557-11-21 10:03:58 - System.ApplicationException: Bad data received from trial server
   at Neurotec.ActivationWizard.Licensing.TrialLicenseDetails.GetResponceFromSever()
   at Neurotec.ActivationWizard.Licensing.TrialLicenseDetails.GetUsed()
   at Neurotec.ActivationWizard.Forms.MainForm.BackgroundWorkerDoWork(Object sender, DoWorkEventArgs e)
   at System.ComponentModel.BackgroundWorker.OnDoWork(DoWorkEventArgs e)
   at System.ComponentModel.BackgroundWorker.WorkerThreadStart(Object argument)
2557-11-21 10:04:29 - System.ApplicationException: Bad data received from trial server
   at Neurotec.ActivationWizard.Licensing.TrialLicenseDetails.GetResponceFromSever()
   at Neurotec.ActivationWizard.Licensing.TrialLicenseDetails.GetUsed()
   at Neurotec.ActivationWizard.Forms.MainForm.BackgroundWorkerDoWork(Object sender, DoWorkEventArgs e)
   at System.ComponentModel.BackgroundWorker.OnDoWork(DoWorkEventArgs e)
   at System.ComponentModel.BackgroundWorker.WorkerThreadStart(Object argument)
2557-11-21 10:05:01 - System.ApplicationException: Bad data received from trial server
   at Neurotec.ActivationWizard.Licensing.TrialLicenseDetails.GetResponceFromSever()
   at Neurotec.ActivationWizard.Licensing.TrialLicenseDetails.GetUsed()
   at Neurotec.ActivationWizard.Forms.MainForm.BackgroundWorkerDoWork(Object sender, DoWorkEventArgs e)
   at System.ComponentModel.BackgroundWorker.OnDoWork(DoWorkEventArgs e)
   at System.ComponentModel.BackgroundWorker.WorkerThreadStart(Object argument)
2557-11-21 10:05:33 - System.ApplicationException: Bad data received from trial server
   at Neurotec.ActivationWizard.Licensing.TrialLicenseDetails.GetResponceFromSever()
   at Neurotec.ActivationWizard.Licensing.TrialLicenseDetails.GetUsed()
   at Neurotec.ActivationWizard.Forms.MainForm.BackgroundWorkerDoWork(Object sender, DoWorkEventArgs e)
   at System.ComponentModel.BackgroundWorker.OnDoWork(DoWorkEventArgs e)
   at System.ComponentModel.BackgroundWorker.WorkerThreadStart(Object argument)
2557-11-21 10:06:06 - System.ApplicationException: Bad data received from trial server
   at Neurotec.ActivationWizard.Licensing.TrialLicenseDetails.GetResponceFromSever()
   at Neurotec.ActivationWizard.Licensing.TrialLicenseDetails.GetUsed()
   at Neurotec.ActivationWizard.Forms.MainForm.BackgroundWorkerDoWork(Object sender, DoWorkEventArgs e)
   at System.ComponentModel.BackgroundWorker.OnDoWork(DoWorkEventArgs e)
   at System.ComponentModel.BackgroundWorker.WorkerThreadStart(Object argument)
2557-11-21 10:06:37 - System.ApplicationException: Bad data received from trial server
   at Neurotec.ActivationWizard.Licensing.TrialLicenseDetails.GetResponceFromSever()
   at Neurotec.ActivationWizard.Licensing.TrialLicenseDetails.GetUsed()
   at Neurotec.ActivationWizard.Forms.MainForm.BackgroundWorkerDoWork(Object sender, DoWorkEventArgs e)
   at System.ComponentModel.BackgroundWorker.OnDoWork(DoWorkEventArgs e)
   at System.ComponentModel.BackgroundWorker.WorkerThreadStart(Object argument)
2557-11-21 10:07:09 - System.ApplicationException: Bad data received from trial server
   at Neurotec.ActivationWizard.Licensing.TrialLicenseDetails.GetResponceFromSever()
   at Neurotec.ActivationWizard.Licensing.TrialLicenseDetails.GetUsed()
   at Neurotec.ActivationWizard.Forms.MainForm.BackgroundWorkerDoWork(Object sender, DoWorkEventArgs e)
   at System.ComponentModel.BackgroundWorker.OnDoWork(DoWorkEventArgs e)
   at System.ComponentModel.BackgroundWorker.WorkerThreadStart(Object argument)
2557-11-21 10:07:41 - System.ApplicationException: Bad data received from trial server
   at Neurotec.ActivationWizard.Licensing.TrialLicenseDetails.GetResponceFromSever()
   at Neurotec.ActivationWizard.Licensing.TrialLicenseDetails.GetUsed()
   at Neurotec.ActivationWizard.Forms.MainForm.BackgroundWorkerDoWork(Object sender, DoWorkEventArgs e)
   at System.ComponentModel.BackgroundWorker.OnDoWork(DoWorkEventArgs e)
   at System.ComponentModel.BackgroundWorker.WorkerThreadStart(Object argument)
2557-11-21 10:08:13 - System.ApplicationException: Bad data received from trial server
   at Neurotec.ActivationWizard.Licensing.TrialLicenseDetails.GetResponceFromSever()
   at Neurotec.ActivationWizard.Licensing.TrialLicenseDetails.GetUsed()
   at Neurotec.ActivationWizard.Forms.MainForm.BackgroundWorkerDoWork(Object sender, DoWorkEventArgs e)
   at System.ComponentModel.BackgroundWorker.OnDoWork(DoWorkEventArgs e)
   at System.ComponentModel.BackgroundWorker.WorkerThreadStart(Object argument)
2557-11-21 10:08:44 - System.ApplicationException: Bad data received from trial server
   at Neurotec.ActivationWizard.Licensing.TrialLicenseDetails.GetResponceFromSever()
   at Neurotec.ActivationWizard.Licensing.TrialLicenseDetails.GetUsed()
   at Neurotec.ActivationWizard.Forms.MainForm.BackgroundWorkerDoWork(Object sender, DoWorkEventArgs e)
   at System.ComponentModel.BackgroundWorker.OnDoWork(DoWorkEventArgs e)
   at System.ComponentModel.BackgroundWorker.WorkerThreadStart(Object argument)
2557-11-21 10:09:16 - System.ApplicationException: Bad data received from trial server
   at Neurotec.ActivationWizard.Licensing.TrialLicenseDetails.GetResponceFromSever()
   at Neurotec.ActivationWizard.Licensing.TrialLicenseDetails.GetUsed()
   at Neurotec.ActivationWizard.Forms.MainForm.BackgroundWorkerDoWork(Object sender, DoWorkEventArgs e)
   at System.ComponentModel.BackgroundWorker.OnDoWork(DoWorkEventArgs e)
   at System.ComponentModel.BackgroundWorker.WorkerThreadStart(Object argument)
2557-11-21 10:09:47 - System.ApplicationException: Bad data received from trial server
   at Neurotec.ActivationWizard.Licensing.TrialLicenseDetails.GetResponceFromSever()
   at Neurotec.ActivationWizard.Licensing.TrialLicenseDetails.GetUsed()
   at Neurotec.ActivationWizard.Forms.MainForm.BackgroundWorkerDoWork(Object sender, DoWorkEventArgs e)
   at System.ComponentModel.BackgroundWorker.OnDoWork(DoWorkEventArgs e)
   at System.ComponentModel.BackgroundWorker.WorkerThreadStart(Object argument)
2557-11-21 10:10:19 - System.ApplicationException: Bad data received from trial server
   at Neurotec.ActivationWizard.Licensing.TrialLicenseDetails.GetResponceFromSever()
   at Neurotec.ActivationWizard.Licensing.TrialLicenseDetails.GetUsed()
   at Neurotec.ActivationWizard.Forms.MainForm.BackgroundWorkerDoWork(Object sender, DoWorkEventArgs e)
   at System.ComponentModel.BackgroundWorker.OnDoWork(DoWorkEventArgs e)
   at System.ComponentModel.BackgroundWorker.WorkerThreadStart(Object argument)
2557-11-21 10:10:50 - System.ApplicationException: Bad data received from trial server
   at Neurotec.ActivationWizard.Licensing.TrialLicenseDetails.GetResponceFromSever()
   at Neurotec.ActivationWizard.Licensing.TrialLicenseDetails.GetUsed()
   at Neurotec.ActivationWizard.Forms.MainForm.BackgroundWorkerDoWork(Object sender, DoWorkEventArgs e)
   at System.ComponentModel.BackgroundWorker.OnDoWork(DoWorkEventArgs e)
   at System.ComponentModel.BackgroundWorker.WorkerThreadStart(Object argument)
2557-11-21 10:11:22 - System.ApplicationException: Bad data received from trial server
   at Neurotec.ActivationWizard.Licensing.TrialLicenseDetails.GetResponceFromSever()
   at Neurotec.ActivationWizard.Licensing.TrialLicenseDetails.GetUsed()
   at Neurotec.ActivationWizard.Forms.MainForm.BackgroundWorkerDoWork(Object sender, DoWorkEventArgs e)
   at System.ComponentModel.BackgroundWorker.OnDoWork(DoWorkEventArgs e)
   at System.ComponentModel.BackgroundWorker.WorkerThreadStart(Object argument)
2557-11-21 10:11:54 - System.ApplicationException: Bad data received from trial server
   at Neurotec.ActivationWizard.Licensing.TrialLicenseDetails.GetResponceFromSever()
   at Neurotec.ActivationWizard.Licensing.TrialLicenseDetails.GetUsed()
   at Neurotec.ActivationWizard.Forms.MainForm.BackgroundWorkerDoWork(Object sender, DoWorkEventArgs e)
   at System.ComponentModel.BackgroundWorker.OnDoWork(DoWorkEventArgs e)
   at System.ComponentModel.BackgroundWorker.WorkerThreadStart(Object argument)
2557-11-21 10:12:27 - System.ApplicationException: Bad data received from trial server
   at Neurotec.ActivationWizard.Licensing.TrialLicenseDetails.GetResponceFromSever()
   at Neurotec.ActivationWizard.Licensing.TrialLicenseDetails.GetUsed()
   at Neurotec.ActivationWizard.Forms.MainForm.BackgroundWorkerDoWork(Object sender, DoWorkEventArgs e)
   at System.ComponentModel.BackgroundWorker.OnDoWork(DoWorkEventArgs e)
   at System.ComponentModel.BackgroundWorker.WorkerThreadStart(Object argument)
2557-11-21 10:12:59 - System.ApplicationException: Bad data received from trial server
   at Neurotec.ActivationWizard.Licensing.TrialLicenseDetails.GetResponceFromSever()
   at Neurotec.ActivationWizard.Licensing.TrialLicenseDetails.GetUsed()
   at Neurotec.ActivationWizard.Forms.MainForm.BackgroundWorkerDoWork(Object sender, DoWorkEventArgs e)
   at System.ComponentModel.BackgroundWorker.OnDoWork(DoWorkEventArgs e)
   at System.ComponentModel.BackgroundWorker.WorkerThreadStart(Object argument)
2557-11-21 10:13:32 - System.ApplicationException: Bad data received from trial server
   at Neurotec.ActivationWizard.Licensing.TrialLicenseDetails.GetResponceFromSever()
   at Neurotec.ActivationWizard.Licensing.TrialLicenseDetails.GetUsed()
   at Neurotec.ActivationWizard.Forms.MainForm.BackgroundWorkerDoWork(Object sender, DoWorkEventArgs e)
   at System.ComponentModel.BackgroundWorker.OnDoWork(DoWorkEventArgs e)
   at System.ComponentModel.BackgroundWorker.WorkerThreadStart(Object argument)
2557-11-21 10:14:04 - System.ApplicationException: Bad data received from trial server
   at Neurotec.ActivationWizard.Licensing.TrialLicenseDetails.GetResponceFromSever()
   at Neurotec.ActivationWizard.Licensing.TrialLicenseDetails.GetUsed()
   at Neurotec.ActivationWizard.Forms.MainForm.BackgroundWorkerDoWork(Object sender, DoWorkEventArgs e)
   at System.ComponentModel.BackgroundWorker.OnDoWork(DoWorkEventArgs e)
   at System.ComponentModel.BackgroundWorker.WorkerThreadStart(Object argument)
2557-11-21 10:14:36 - System.ApplicationException: Bad data received from trial server
   at Neurotec.ActivationWizard.Licensing.TrialLicenseDetails.GetResponceFromSever()
   at Neurotec.ActivationWizard.Licensing.TrialLicenseDetails.GetUsed()
   at Neurotec.ActivationWizard.Forms.MainForm.BackgroundWorkerDoWork(Object sender, DoWorkEventArgs e)
   at System.ComponentModel.BackgroundWorker.OnDoWork(DoWorkEventArgs e)
   at System.ComponentModel.BackgroundWorker.WorkerThreadStart(Object argument)
2557-11-21 10:15:08 - System.ApplicationException: Bad data received from trial server
   at Neurotec.ActivationWizard.Licensing.TrialLicenseDetails.GetResponceFromSever()
   at Neurotec.ActivationWizard.Licensing.TrialLicenseDetails.GetUsed()
   at Neurotec.ActivationWizard.Forms.MainForm.BackgroundWorkerDoWork(Object sender, DoWorkEventArgs e)
   at System.ComponentModel.BackgroundWorker.OnDoWork(DoWorkEventArgs e)
   at System.ComponentModel.BackgroundWorker.WorkerThreadStart(Object argument)
2557-11-21 10:15:41 - System.ApplicationException: Bad data received from trial server
   at Neurotec.ActivationWizard.Licensing.TrialLicenseDetails.GetResponceFromSever()
   at Neurotec.ActivationWizard.Licensing.TrialLicenseDetails.GetUsed()
   at Neurotec.ActivationWizard.Forms.MainForm.BackgroundWorkerDoWork(Object sender, DoWorkEventArgs e)
   at System.ComponentModel.BackgroundWorker.OnDoWork(DoWorkEventArgs e)
   at System.ComponentModel.BackgroundWorker.WorkerThreadStart(Object argument)
2557-11-21 10:16:13 - System.ApplicationException: Bad data received from trial server
   at Neurotec.ActivationWizard.Licensing.TrialLicenseDetails.GetResponceFromSever()
   at Neurotec.ActivationWizard.Licensing.TrialLicenseDetails.GetUsed()
   at Neurotec.ActivationWizard.Forms.MainForm.BackgroundWorkerDoWork(Object sender, DoWorkEventArgs e)
   at System.ComponentModel.BackgroundWorker.OnDoWork(DoWorkEventArgs e)
   at System.ComponentModel.BackgroundWorker.WorkerThreadStart(Object argument)
2557-11-21 10:16:46 - System.ApplicationException: Bad data received from trial server
   at Neurotec.ActivationWizard.Licensing.TrialLicenseDetails.GetResponceFromSever()
   at Neurotec.ActivationWizard.Licensing.TrialLicenseDetails.GetUsed()
   at Neurotec.ActivationWizard.Forms.MainForm.BackgroundWorkerDoWork(Object sender, DoWorkEventArgs e)
   at System.ComponentModel.BackgroundWorker.OnDoWork(DoWorkEventArgs e)
   at System.ComponentModel.BackgroundWorker.WorkerThreadStart(Object argument)
2557-11-21 10:17:18 - System.ApplicationException: Bad data received from trial server
   at Neurotec.ActivationWizard.Licensing.TrialLicenseDetails.GetResponceFromSever()
   at Neurotec.ActivationWizard.Licensing.TrialLicenseDetails.GetUsed()
   at Neurotec.ActivationWizard.Forms.MainForm.BackgroundWorkerDoWork(Object sender, DoWorkEventArgs e)
   at System.ComponentModel.BackgroundWorker.OnDoWork(DoWorkEventArgs e)
   at System.ComponentModel.BackgroundWorker.WorkerThreadStart(Object argument)
2557-11-21 10:17:49 - System.ApplicationException: Bad data received from trial server
   at Neurotec.ActivationWizard.Licensing.TrialLicenseDetails.GetResponceFromSever()
   at Neurotec.ActivationWizard.Licensing.TrialLicenseDetails.GetUsed()
   at Neurotec.ActivationWizard.Forms.MainForm.BackgroundWorkerDoWork(Object sender, DoWorkEventArgs e)
   at System.ComponentModel.BackgroundWorker.OnDoWork(DoWorkEventArgs e)
   at System.ComponentModel.BackgroundWorker.WorkerThreadStart(Object argument)
2557-11-21 10:18:21 - System.ApplicationException: Bad data received from trial server
   at Neurotec.ActivationWizard.Licensing.TrialLicenseDetails.GetResponceFromSever()
   at Neurotec.ActivationWizard.Licensing.TrialLicenseDetails.GetUsed()
   at Neurotec.ActivationWizard.Forms.MainForm.BackgroundWorkerDoWork(Object sender, DoWorkEventArgs e)
   at System.ComponentModel.BackgroundWorker.OnDoWork(DoWorkEventArgs e)
   at System.ComponentModel.BackgroundWorker.WorkerThreadStart(Object argument)
2557-11-21 10:18:54 - System.ApplicationException: Bad data received from trial server
   at Neurotec.ActivationWizard.Licensing.TrialLicenseDetails.GetResponceFromSever()
   at Neurotec.ActivationWizard.Licensing.TrialLicenseDetails.GetUsed()
   at Neurotec.ActivationWizard.Forms.MainForm.BackgroundWorkerDoWork(Object sender, DoWorkEventArgs e)
   at System.ComponentModel.BackgroundWorker.OnDoWork(DoWorkEventArgs e)
   at System.ComponentModel.BackgroundWorker.WorkerThreadStart(Object argument)
2557-11-21 10:19:26 - System.ApplicationException: Bad data received from trial server
   at Neurotec.ActivationWizard.Licensing.TrialLicenseDetails.GetResponceFromSever()
   at Neurotec.ActivationWizard.Licensing.TrialLicenseDetails.GetUsed()
   at Neurotec.ActivationWizard.Forms.MainForm.BackgroundWorkerDoWork(Object sender, DoWorkEventArgs e)
   at System.ComponentModel.BackgroundWorker.OnDoWork(DoWorkEventArgs e)
   at System.ComponentModel.BackgroundWorker.WorkerThreadStart(Object argument)
2557-11-21 10:19:58 - System.ApplicationException: Bad data received from trial server
   at Neurotec.ActivationWizard.Licensing.TrialLicenseDetails.GetResponceFromSever()
   at Neurotec.ActivationWizard.Licensing.TrialLicenseDetails.GetUsed()
   at Neurotec.ActivationWizard.Forms.MainForm.BackgroundWorkerDoWork(Object sender, DoWorkEventArgs e)
   at System.ComponentModel.BackgroundWorker.OnDoWork(DoWorkEventArgs e)
   at System.ComponentModel.BackgroundWorker.WorkerThreadStart(Object argument)
2557-11-21 10:20:30 - System.ApplicationException: Bad data received from trial server
   at Neurotec.ActivationWizard.Licensing.TrialLicenseDetails.GetResponceFromSever()
   at Neurotec.ActivationWizard.Licensing.TrialLicenseDetails.GetUsed()
   at Neurotec.ActivationWizard.Forms.MainForm.BackgroundWorkerDoWork(Object sender, DoWorkEventArgs e)
   at System.ComponentModel.BackgroundWorker.OnDoWork(DoWorkEventArgs e)
   at System.ComponentModel.BackgroundWorker.WorkerThreadStart(Object argument)
2557-11-21 10:21:01 - System.ApplicationException: Bad data received from trial server
   at Neurotec.ActivationWizard.Licensing.TrialLicenseDetails.GetResponceFromSever()
   at Neurotec.ActivationWizard.Licensing.TrialLicenseDetails.GetUsed()
   at Neurotec.ActivationWizard.Forms.MainForm.BackgroundWorkerDoWork(Object sender, DoWorkEventArgs e)
   at System.ComponentModel.BackgroundWorker.OnDoWork(DoWorkEventArgs e)
   at System.ComponentModel.BackgroundWorker.WorkerThreadStart(Object argument)
2557-11-21 10:21:33 - System.ApplicationException: Bad data received from trial server
   at Neurotec.ActivationWizard.Licensing.TrialLicenseDetails.GetResponceFromSever()
   at Neurotec.ActivationWizard.Licensing.TrialLicenseDetails.GetUsed()
   at Neurotec.ActivationWizard.Forms.MainForm.BackgroundWorkerDoWork(Object sender, DoWorkEventArgs e)
   at System.ComponentModel.BackgroundWorker.OnDoWork(DoWorkEventArgs e)
   at System.ComponentModel.BackgroundWorker.WorkerThreadStart(Object argument)
2557-11-21 10:22:04 - System.ApplicationException: Bad data received from trial server
   at Neurotec.ActivationWizard.Licensing.TrialLicenseDetails.GetResponceFromSever()
   at Neurotec.ActivationWizard.Licensing.TrialLicenseDetails.GetUsed()
   at Neurotec.ActivationWizard.Forms.MainForm.BackgroundWorkerDoWork(Object sender, DoWorkEventArgs e)
   at System.ComponentModel.BackgroundWorker.OnDoWork(DoWorkEventArgs e)
   at System.ComponentModel.BackgroundWorker.WorkerThreadStart(Object argument)
2557-11-21 10:22:36 - System.ApplicationException: Bad data received from trial server
   at Neurotec.ActivationWizard.Licensing.TrialLicenseDetails.GetResponceFromSever()
   at Neurotec.ActivationWizard.Licensing.TrialLicenseDetails.GetUsed()
   at Neurotec.ActivationWizard.Forms.MainForm.BackgroundWorkerDoWork(Object sender, DoWorkEventArgs e)
   at System.ComponentModel.BackgroundWorker.OnDoWork(DoWorkEventArgs e)
   at System.ComponentModel.BackgroundWorker.WorkerThreadStart(Object argument)
2557-11-21 10:23:08 - System.ApplicationException: Bad data received from trial server
   at Neurotec.ActivationWizard.Licensing.TrialLicenseDetails.GetResponceFromSever()
   at Neurotec.ActivationWizard.Licensing.TrialLicenseDetails.GetUsed()
   at Neurotec.ActivationWizard.Forms.MainForm.BackgroundWorkerDoWork(Object sender, DoWorkEventArgs e)
   at System.ComponentModel.BackgroundWorker.OnDoWork(DoWorkEventArgs e)
   at System.ComponentModel.BackgroundWorker.WorkerThreadStart(Object argument)
2557-11-21 10:23:40 - System.ApplicationException: Bad data received from trial server
   at Neurotec.ActivationWizard.Licensing.TrialLicenseDetails.GetResponceFromSever()
   at Neurotec.ActivationWizard.Licensing.TrialLicenseDetails.GetUsed()
   at Neurotec.ActivationWizard.Forms.MainForm.BackgroundWorkerDoWork(Object sender, DoWorkEventArgs e)
   at System.ComponentModel.BackgroundWorker.OnDoWork(DoWorkEventArgs e)
   at System.ComponentModel.BackgroundWorker.WorkerThreadStart(Object argument)
2557-11-21 10:24:11 - System.ApplicationException: Bad data received from trial server
   at Neurotec.ActivationWizard.Licensing.TrialLicenseDetails.GetResponceFromSever()
   at Neurotec.ActivationWizard.Licensing.TrialLicenseDetails.GetUsed()
   at Neurotec.ActivationWizard.Forms.MainForm.BackgroundWorkerDoWork(Object sender, DoWorkEventArgs e)
   at System.ComponentModel.BackgroundWorker.OnDoWork(DoWorkEventArgs e)
   at System.ComponentModel.BackgroundWorker.WorkerThreadStart(Object argument)
2557-11-21 10:24:43 - System.ApplicationException: Bad data received from trial server
   at Neurotec.ActivationWizard.Licensing.TrialLicenseDetails.GetResponceFromSever()
   at Neurotec.ActivationWizard.Licensing.TrialLicenseDetails.GetUsed()
   at Neurotec.ActivationWizard.Forms.MainForm.BackgroundWorkerDoWork(Object sender, DoWorkEventArgs e)
   at System.ComponentModel.BackgroundWorker.OnDoWork(DoWorkEventArgs e)
   at System.ComponentModel.BackgroundWorker.WorkerThreadStart(Object argument)
2557-11-21 15:37:58 - System.ApplicationException: Bad data received from trial server
   at Neurotec.ActivationWizard.Licensing.TrialLicenseDetails.GetResponceFromSever()
   at Neurotec.ActivationWizard.Licensing.TrialLicenseDetails.GetUsed()
   at Neurotec.ActivationWizard.Forms.MainForm.BackgroundWorkerDoWork(Object sender, DoWorkEventArgs e)
   at System.ComponentModel.BackgroundWorker.OnDoWork(DoWorkEventArgs e)
   at System.ComponentModel.BackgroundWorker.WorkerThreadStart(Object argument)
2557-11-21 15:38:30 - System.ApplicationException: Bad data received from trial server
   at Neurotec.ActivationWizard.Licensing.TrialLicenseDetails.GetResponceFromSever()
   at Neurotec.ActivationWizard.Licensing.TrialLicenseDetails.GetUsed()
   at Neurotec.ActivationWizard.Forms.MainForm.BackgroundWorkerDoWork(Object sender, DoWorkEventArgs e)
   at System.ComponentModel.BackgroundWorker.OnDoWork(DoWorkEventArgs e)
   at System.ComponentModel.BackgroundWorker.WorkerThreadStart(Object argument)
2557-11-21 17:11:39 - System.ApplicationException: Bad data received from trial server
   at Neurotec.ActivationWizard.Licensing.TrialLicenseDetails.GetResponceFromSever()
   at Neurotec.ActivationWizard.Licensing.TrialLicenseDetails.GetUsed()
   at Neurotec.ActivationWizard.Forms.MainForm.BackgroundWorkerDoWork(Object sender, DoWorkEventArgs e)
   at System.ComponentModel.BackgroundWorker.OnDoWork(DoWorkEventArgs e)
   at System.ComponentModel.BackgroundWorker.WorkerThreadStart(Object argument)
2557-11-21 17:12:32 - System.ApplicationException: Bad data received from trial server
   at Neurotec.ActivationWizard.Licensing.TrialLicenseDetails.GetResponceFromSever()
   at Neurotec.ActivationWizard.Licensing.TrialLicenseDetails.GetUsed()
   at Neurotec.ActivationWizard.Forms.MainForm.BackgroundWorkerDoWork(Object sender, DoWorkEventArgs e)
   at System.ComponentModel.BackgroundWorker.OnDoWork(DoWorkEventArgs e)
   at System.ComponentModel.BackgroundWorker.WorkerThreadStart(Object argument)
2557-11-21 17:12:56 - System.ApplicationException: Bad data received from trial server
   at Neurotec.ActivationWizard.Licensing.TrialLicenseDetails.GetResponceFromSever()
   at Neurotec.ActivationWizard.Licensing.TrialLicenseDetails.GetUsed()
   at Neurotec.ActivationWizard.Forms.MainForm.BackgroundWorkerDoWork(Object sender, DoWorkEventArgs e)
   at System.ComponentModel.BackgroundWorker.OnDoWork(DoWorkEventArgs e)
   at System.ComponentModel.BackgroundWorker.WorkerThreadStart(Object argument)
2557-11-21 17:41:03 - System.ApplicationException: Bad data received from trial server
   at Neurotec.ActivationWizard.Licensing.TrialLicenseDetails.GetResponceFromSever()
   at Neurotec.ActivationWizard.Licensing.TrialLicenseDetails.GetUsed()
   at Neurotec.ActivationWizard.Forms.MainForm.BackgroundWorkerDoWork(Object sender, DoWorkEventArgs e)
   at System.ComponentModel.BackgroundWorker.OnDoWork(DoWorkEventArgs e)
   at System.ComponentModel.BackgroundWorker.WorkerThreadStart(Object argument)
