2557-11-20 13:56:02 - System.Net.WebException: The remote name could not be resolved: 'pserver.neurotechnology.com'
   at System.Net.WebClient.DownloadDataInternal(Uri address, WebRequest& request)
   at System.Net.WebClient.DownloadString(Uri address)
   at System.Net.WebClient.DownloadString(String address)
   at Neurotec.ActivationWizard.Licensing.TrialLicenseDetails.GetResponceFromSever()
   at Neurotec.ActivationWizard.Licensing.TrialLicenseDetails.GetUsed()
   at Neurotec.ActivationWizard.Forms.MainForm.BackgroundWorkerDoWork(Object sender, DoWorkEventArgs e)
   at System.ComponentModel.BackgroundWorker.OnDoWork(DoWorkEventArgs e)
   at System.ComponentModel.BackgroundWorker.WorkerThreadStart(Object argument)
2557-11-20 13:56:04 - System.Net.WebException: The remote name could not be resolved: 'pserver.neurotechnology.com'
   at System.Net.WebClient.DownloadDataInternal(Uri address, WebRequest& request)
   at System.Net.WebClient.DownloadString(Uri address)
   at System.Net.WebClient.DownloadString(String address)
   at Neurotec.ActivationWizard.Licensing.TrialLicenseDetails.GetResponceFromSever()
   at Neurotec.ActivationWizard.Licensing.TrialLicenseDetails.GetUsed()
   at Neurotec.ActivationWizard.Forms.MainForm.BackgroundWorkerDoWork(Object sender, DoWorkEventArgs e)
   at System.ComponentModel.BackgroundWorker.OnDoWork(DoWorkEventArgs e)
   at System.ComponentModel.BackgroundWorker.WorkerThreadStart(Object argument)
2557-11-20 13:56:12 - System.Net.WebException: The remote name could not be resolved: 'pserver.neurotechnology.com'
   at System.Net.WebClient.DownloadDataInternal(Uri address, WebRequest& request)
   at System.Net.WebClient.DownloadString(Uri address)
   at System.Net.WebClient.DownloadString(String address)
   at Neurotec.ActivationWizard.Licensing.TrialLicenseDetails.GetResponceFromSever()
   at Neurotec.ActivationWizard.Licensing.TrialLicenseDetails.GetUsed()
   at Neurotec.ActivationWizard.Forms.MainForm.BackgroundWorkerDoWork(Object sender, DoWorkEventArgs e)
   at System.ComponentModel.BackgroundWorker.OnDoWork(DoWorkEventArgs e)
   at System.ComponentModel.BackgroundWorker.WorkerThreadStart(Object argument)
2557-11-20 13:56:12 - System.Net.WebException: The remote name could not be resolved: 'pserver.neurotechnology.com'
   at System.Net.WebClient.DownloadDataInternal(Uri address, WebRequest& request)
   at System.Net.WebClient.DownloadString(Uri address)
   at System.Net.WebClient.DownloadString(String address)
   at Neurotec.ActivationWizard.Licensing.TrialLicenseDetails.GetResponceFromSever()
   at Neurotec.ActivationWizard.Licensing.TrialLicenseDetails.GetUsed()
   at Neurotec.ActivationWizard.Forms.MainForm.BackgroundWorkerDoWork(Object sender, DoWorkEventArgs e)
   at System.ComponentModel.BackgroundWorker.OnDoWork(DoWorkEventArgs e)
   at System.ComponentModel.BackgroundWorker.WorkerThreadStart(Object argument)
2557-11-20 13:56:12 - System.Net.WebException: The remote name could not be resolved: 'pserver.neurotechnology.com'
   at System.Net.WebClient.DownloadDataInternal(Uri address, WebRequest& request)
   at System.Net.WebClient.DownloadString(Uri address)
   at System.Net.WebClient.DownloadString(String address)
   at Neurotec.ActivationWizard.Licensing.TrialLicenseDetails.GetResponceFromSever()
   at Neurotec.ActivationWizard.Licensing.TrialLicenseDetails.GetUsed()
   at Neurotec.ActivationWizard.Forms.MainForm.BackgroundWorkerDoWork(Object sender, DoWorkEventArgs e)
   at System.ComponentModel.BackgroundWorker.OnDoWork(DoWorkEventArgs e)
   at System.ComponentModel.BackgroundWorker.WorkerThreadStart(Object argument)
